<?xml version="1.0" encoding="UTF-8"?>
<testsuite name="com.multifort.GradleDemoApplicationTests" tests="1" skipped="0" failures="0" errors="0" timestamp="2019-10-23T09:00:09" hostname="liningdeMBP" time="0.19">
  <properties/>
  <testcase name="contextLoads()" classname="com.multifort.GradleDemoApplicationTests" time="0.19"/>
  <system-out><![CDATA[17:00:08.079 [Test worker] DEBUG org.springframework.test.context.BootstrapUtils - Instantiating CacheAwareContextLoaderDelegate from class [org.springframework.test.context.cache.DefaultCacheAwareContextLoaderDelegate]
17:00:08.090 [Test worker] DEBUG org.springframework.test.context.BootstrapUtils - Instantiating BootstrapContext using constructor [public org.springframework.test.context.support.DefaultBootstrapContext(java.lang.Class,org.springframework.test.context.CacheAwareContextLoaderDelegate)]
17:00:08.110 [Test worker] DEBUG org.springframework.test.context.BootstrapUtils - Instantiating TestContextBootstrapper for test class [com.multifort.GradleDemoApplicationTests] from class [org.springframework.boot.test.context.SpringBootTestContextBootstrapper]
17:00:08.121 [Test worker] INFO org.springframework.boot.test.context.SpringBootTestContextBootstrapper - Neither @ContextConfiguration nor @ContextHierarchy found for test class [com.multifort.GradleDemoApplicationTests], using SpringBootContextLoader
17:00:08.123 [Test worker] DEBUG org.springframework.test.context.support.AbstractContextLoader - Did not detect default resource location for test class [com.multifort.GradleDemoApplicationTests]: class path resource [com/multifort/GradleDemoApplicationTests-context.xml] does not exist
17:00:08.123 [Test worker] DEBUG org.springframework.test.context.support.AbstractContextLoader - Did not detect default resource location for test class [com.multifort.GradleDemoApplicationTests]: class path resource [com/multifort/GradleDemoApplicationTestsContext.groovy] does not exist
17:00:08.124 [Test worker] INFO org.springframework.test.context.support.AbstractContextLoader - Could not detect default resource locations for test class [com.multifort.GradleDemoApplicationTests]: no resource found for suffixes {-context.xml, Context.groovy}.
17:00:08.124 [Test worker] INFO org.springframework.test.context.support.AnnotationConfigContextLoaderUtils - Could not detect default configuration classes for test class [com.multifort.GradleDemoApplicationTests]: GradleDemoApplicationTests does not declare any static, non-private, non-final, nested classes annotated with @Configuration.
17:00:08.147 [Test worker] DEBUG org.springframework.test.context.support.ActiveProfilesUtils - Could not find an 'annotation declaring class' for annotation type [org.springframework.test.context.ActiveProfiles] and class [com.multifort.GradleDemoApplicationTests]
17:00:08.197 [Test worker] DEBUG org.springframework.context.annotation.ClassPathScanningCandidateComponentProvider - Identified candidate component class: file [/Users/lining/workspace/demo-project/gradle-demo/build/classes/java/main/com/multifort/GradleDemoApplication.class]
17:00:08.197 [Test worker] INFO org.springframework.boot.test.context.SpringBootTestContextBootstrapper - Found @SpringBootConfiguration com.multifort.GradleDemoApplication for test class com.multifort.GradleDemoApplicationTests
17:00:08.267 [Test worker] DEBUG org.springframework.boot.test.context.SpringBootTestContextBootstrapper - @TestExecutionListeners is not present for class [com.multifort.GradleDemoApplicationTests]: using defaults.
17:00:08.268 [Test worker] INFO org.springframework.boot.test.context.SpringBootTestContextBootstrapper - Loaded default TestExecutionListener class names from location [META-INF/spring.factories]: [org.springframework.boot.test.autoconfigure.restdocs.RestDocsTestExecutionListener, org.springframework.boot.test.autoconfigure.web.client.MockRestServiceServerResetTestExecutionListener, org.springframework.boot.test.autoconfigure.web.servlet.MockMvcPrintOnlyOnFailureTestExecutionListener, org.springframework.boot.test.autoconfigure.web.servlet.WebDriverTestExecutionListener, org.springframework.boot.test.mock.mockito.MockitoTestExecutionListener, org.springframework.boot.test.mock.mockito.ResetMocksTestExecutionListener, org.springframework.test.context.web.ServletTestExecutionListener, org.springframework.test.context.support.DirtiesContextBeforeModesTestExecutionListener, org.springframework.test.context.support.DependencyInjectionTestExecutionListener, org.springframework.test.context.support.DirtiesContextTestExecutionListener, org.springframework.test.context.transaction.TransactionalTestExecutionListener, org.springframework.test.context.jdbc.SqlScriptsTestExecutionListener, org.springframework.test.context.event.EventPublishingTestExecutionListener]
17:00:08.275 [Test worker] DEBUG org.springframework.boot.test.context.SpringBootTestContextBootstrapper - Skipping candidate TestExecutionListener [org.springframework.test.context.transaction.TransactionalTestExecutionListener] due to a missing dependency. Specify custom listener classes or make the default listener classes and their required dependencies available. Offending class: [org/springframework/transaction/interceptor/TransactionAttributeSource]
17:00:08.276 [Test worker] DEBUG org.springframework.boot.test.context.SpringBootTestContextBootstrapper - Skipping candidate TestExecutionListener [org.springframework.test.context.jdbc.SqlScriptsTestExecutionListener] due to a missing dependency. Specify custom listener classes or make the default listener classes and their required dependencies available. Offending class: [org/springframework/transaction/interceptor/TransactionAttribute]
17:00:08.276 [Test worker] INFO org.springframework.boot.test.context.SpringBootTestContextBootstrapper - Using TestExecutionListeners: [org.springframework.test.context.web.ServletTestExecutionListener@425e049f, org.springframework.test.context.support.DirtiesContextBeforeModesTestExecutionListener@23b6a6e, org.springframework.boot.test.mock.mockito.MockitoTestExecutionListener@1972670d, org.springframework.boot.test.autoconfigure.SpringBootDependencyInjectionTestExecutionListener@7cf917a3, org.springframework.test.context.support.DirtiesContextTestExecutionListener@4e318e5f, org.springframework.test.context.event.EventPublishingTestExecutionListener@1780f5ed, org.springframework.boot.test.autoconfigure.restdocs.RestDocsTestExecutionListener@1d40a21f, org.springframework.boot.test.autoconfigure.web.client.MockRestServiceServerResetTestExecutionListener@2930ea1b, org.springframework.boot.test.autoconfigure.web.servlet.MockMvcPrintOnlyOnFailureTestExecutionListener@6bb1da14, org.springframework.boot.test.autoconfigure.web.servlet.WebDriverTestExecutionListener@7b0e7512, org.springframework.boot.test.mock.mockito.ResetMocksTestExecutionListener@63467036]
17:00:08.279 [Test worker] DEBUG org.springframework.test.context.support.AbstractDirtiesContextTestExecutionListener - Before test class: context [DefaultTestContext@6010213c testClass = GradleDemoApplicationTests, testInstance = [null], testMethod = [null], testException = [null], mergedContextConfiguration = [WebMergedContextConfiguration@3002a56f testClass = GradleDemoApplicationTests, locations = '{}', classes = '{class com.multifort.GradleDemoApplication}', contextInitializerClasses = '[]', activeProfiles = '{}', propertySourceLocations = '{}', propertySourceProperties = '{org.springframework.boot.test.context.SpringBootTestContextBootstrapper=true}', contextCustomizers = set[org.springframework.boot.test.autoconfigure.properties.PropertyMappingContextCustomizer@0, org.springframework.boot.test.autoconfigure.web.servlet.WebDriverContextCustomizerFactory$Customizer@56af0f55, org.springframework.boot.test.context.filter.ExcludeFilterContextCustomizer@3133e48c, org.springframework.boot.test.json.DuplicateJsonObjectContextCustomizerFactory$DuplicateJsonObjectContextCustomizer@7fd941d2, org.springframework.boot.test.mock.mockito.MockitoContextCustomizer@0, org.springframework.boot.test.web.client.TestRestTemplateContextCustomizer@d71947], resourceBasePath = 'src/main/webapp', contextLoader = 'org.springframework.boot.test.context.SpringBootContextLoader', parent = [null]], attributes = map['org.springframework.test.context.web.ServletTestExecutionListener.activateListener' -> true]], class annotated with @DirtiesContext [false] with mode [null].
17:00:08.297 [Test worker] DEBUG org.springframework.test.context.support.TestPropertySourceUtils - Adding inlined properties to environment: {spring.jmx.enabled=false, org.springframework.boot.test.context.SpringBootTestContextBootstrapper=true, server.port=-1}

  .   ____          _            __ _ _
 /\\ / ___'_ __ _ _(_)_ __  __ _ \ \ \ \
( ( )\___ | '_ | '_| | '_ \/ _` | \ \ \ \
 \\/  ___)| |_)| | | | | || (_| |  ) ) ) )
  '  |____| .__|_| |_|_| |_\__, | / / / /
 =========|_|==============|___/=/_/_/_/
 :: Spring Boot ::        (v2.2.0.RELEASE)

2019-10-23 17:00:08.468  INFO 13166 --- [    Test worker] c.multifort.GradleDemoApplicationTests   : Starting GradleDemoApplicationTests on liningdeMBP with PID 13166 (started by lining in /Users/lining/workspace/demo-project/gradle-demo)
2019-10-23 17:00:08.469  INFO 13166 --- [    Test worker] c.multifort.GradleDemoApplicationTests   : No active profile set, falling back to default profiles: default
2019-10-23 17:00:09.380  INFO 13166 --- [    Test worker] o.s.s.concurrent.ThreadPoolTaskExecutor  : Initializing ExecutorService 'applicationTaskExecutor'
2019-10-23 17:00:09.612  INFO 13166 --- [    Test worker] c.multifort.GradleDemoApplicationTests   : Started GradleDemoApplicationTests in 1.308 seconds (JVM running for 2.092)
]]></system-out>
  <system-err><![CDATA[]]></system-err>
</testsuite>
